
/home/runner/work/exp-residence-time-distribution-in-packed-bed-reactor-iitb/exp-residence-time-distribution-in-packed-bed-reactor-iitb/experiment/simulation/common_libraries/js/ts_components/collapse_step.js
   1:10  warning  'show_step' is defined but never used                 no-unused-vars
   2:5   warning  '$' is not defined                                    no-undef
   3:9   warning  '$' is not defined                                    no-undef
   6:10  warning  'hide_step' is defined but never used                 no-unused-vars
   7:5   warning  '$' is not defined                                    no-undef
   8:9   warning  '$' is not defined                                    no-undef
  11:10  warning  'get_collapse_btn_text' is defined but never used     no-unused-vars
  20:10  warning  'get_collapse_btn_element' is defined but never used  no-unused-vars
  29:10  warning  'hide_all_steps' is defined but never used            no-unused-vars
  31:9   warning  '$' is not defined                                    no-undef

/home/runner/work/exp-residence-time-distribution-in-packed-bed-reactor-iitb/exp-residence-time-distribution-in-packed-bed-reactor-iitb/experiment/simulation/common_libraries/js/ts_components/matrix.js
   27:26  warning  'MathJax' is not defined                                no-undef
   32:7   warning  'Matrix_Without_String' is defined but never used       no-unused-vars
   52:26  warning  'MathJax' is not defined                                no-undef
   56:10  warning  'get_matrix_html' is defined but never used             no-unused-vars
   87:13  warning  'row_html' is assigned a value but never used           no-unused-vars
   99:10  warning  'get_matrix_html_with_title' is defined but never used  no-unused-vars
  131:13  warning  'row_html' is assigned a value but never used           no-unused-vars
  143:10  warning  'convert_2d_to_1d_vector' is defined but never used     no-unused-vars
  156:10  warning  'convert_1d_to_2d_matrix' is defined but never used     no-unused-vars

/home/runner/work/exp-residence-time-distribution-in-packed-bed-reactor-iitb/exp-residence-time-distribution-in-packed-bed-reactor-iitb/experiment/simulation/common_libraries/js/ts_components/pannel.js
  8:7  warning  'Pannel' is defined but never used  no-unused-vars

/home/runner/work/exp-residence-time-distribution-in-packed-bed-reactor-iitb/exp-residence-time-distribution-in-packed-bed-reactor-iitb/experiment/simulation/common_libraries/js/ts_components/questions.js
   6:17  warning  'op1' is assigned a value but never used      no-unused-vars
   7:17  warning  'op2' is assigned a value but never used      no-unused-vars
   8:17  warning  'op3' is assigned a value but never used      no-unused-vars
   9:17  warning  'op4' is assigned a value but never used      no-unused-vars
  94:7   warning  'Question_Options' is defined but never used  no-unused-vars

/home/runner/work/exp-residence-time-distribution-in-packed-bed-reactor-iitb/exp-residence-time-distribution-in-packed-bed-reactor-iitb/experiment/simulation/common_libraries/js/ts_components/tables.js
   19:22  warning  'verify_values' is not defined                                     no-undef
  137:22  warning  'verify_values' is not defined                                     no-undef
  260:7   warning  'Verify_Rows_Cols_6_decimal_places' is defined but never used      no-unused-vars
  311:22  warning  'verify_values' is not defined                                     no-undef
  416:7   warning  'Verify_Rows_Cols_Custom_Fixed_Update1' is defined but never used  no-unused-vars
  468:7   warning  'Show_Table_Custom_Fixed' is defined but never used                no-unused-vars
  506:7   warning  'Verify_Rows_Cols_Strings' is defined but never used               no-unused-vars
  527:22  warning  'verify_values' is not defined                                     no-undef
  663:7   warning  'Display_Table' is defined but never used                          no-unused-vars

/home/runner/work/exp-residence-time-distribution-in-packed-bed-reactor-iitb/exp-residence-time-distribution-in-packed-bed-reactor-iitb/experiment/simulation/common_libraries/js/ts_math_library/general_math_functions.js
    1:10  warning  'verify_values' is defined but never used                   no-unused-vars
   17:10  warning  'random1' is defined but never used                         no-unused-vars
   21:10  warning  'std_deviation' is defined but never used                   no-unused-vars
   26:10  warning  'gauss' is defined but never used                           no-unused-vars
   56:10  warning  'hide_panel' is defined but never used                      no-unused-vars
   63:10  warning  'inverse_matrix' is defined but never used                  no-unused-vars
   96:10  warning  'matrix_multiplication' is defined but never used           no-unused-vars
  113:10  warning  'transpose_matrix' is defined but never used                no-unused-vars
  123:10  warning  'matrix_multiplication_8decimal' is defined but never used  no-unused-vars
  140:10  warning  'adjoint_2x2_matrix' is defined but never used              no-unused-vars
  145:10  warning  'find_deteminant' is defined but never used                 no-unused-vars
  174:10  warning  'get_Submatrix' is defined but never used                   no-unused-vars

/home/runner/work/exp-residence-time-distribution-in-packed-bed-reactor-iitb/exp-residence-time-distribution-in-packed-bed-reactor-iitb/experiment/simulation/common_libraries/js/ts_math_library/regression.js
   1:10  warning  'regression_linear' is defined but never used            no-unused-vars
  18:10  warning  'regression_linear_1variable' is defined but never used  no-unused-vars
  27:10  warning  'regression_linear_2variable' is defined but never used  no-unused-vars
  52:11  warning  'gauss' is not defined                                   no-undef

/home/runner/work/exp-residence-time-distribution-in-packed-bed-reactor-iitb/exp-residence-time-distribution-in-packed-bed-reactor-iitb/experiment/simulation/common_libraries/math.ob.js
  1:745  warning  'b' is already defined  no-redeclare

/home/runner/work/exp-residence-time-distribution-in-packed-bed-reactor-iitb/exp-residence-time-distribution-in-packed-bed-reactor-iitb/experiment/simulation/js/acitvity6.js
   4:10  warning  'activity6' is defined but never used  no-unused-vars
   5:5   warning  'pp' is not defined                    no-undef
  10:5   warning  'pp' is not defined                    no-undef
  11:5   warning  'pp' is not defined                    no-undef
  12:25  warning  'obt_1_data' is not defined            no-undef
  13:20  warning  'obt_1_data' is not defined            no-undef
  14:19  warning  'obt_1_data' is not defined            no-undef
  15:20  warning  'obt_2_data' is not defined            no-undef
  30:21  warning  'Chart' is not defined                 no-undef

/home/runner/work/exp-residence-time-distribution-in-packed-bed-reactor-iitb/exp-residence-time-distribution-in-packed-bed-reactor-iitb/experiment/simulation/js/activity1.js
    8:14   warning  'Pannel' is not defined                                no-undef
   14:10   warning  'start_act1' is defined but never used                 no-unused-vars
   21:10   warning  'move_to_activity3' is defined but never used          no-unused-vars
   24:5    warning  'activity3' is not defined                             no-undef
   33:5    warning  'global_score' is assigned a value but never used      no-unused-vars
   34:5    warning  'a1_panel' is defined but never used                   no-unused-vars
   35:5    warning  'all_text_content' is assigned a value but never used  no-unused-vars
   36:5    warning  'canvas_box_scale' is already defined                  no-redeclare
   36:5    warning  'canvas_box_scale' is assigned a value but never used  no-unused-vars
   39:5    warning  'a1_scene' is defined but never used                   no-unused-vars
   46:5    warning  'display_score' is defined but never used              no-unused-vars
   47:5    warning  'timer1' is assigned a value but never used            no-unused-vars
   62:17   warning  'Scene' is not defined                                 no-undef
   67:27   warning  'bootstrap' is not defined                             no-undef
  105:18   warning  'Chemistry' is not defined                             no-undef
  105:42   warning  'tubular_reactor' is not defined                       no-undef
  105:63   warning  'Chemistry' is not defined                             no-undef
  108:9    warning  'sq' is already defined                                no-redeclare
  108:18   warning  'Chemistry' is not defined                             no-undef
  108:42   warning  'beaker' is not defined                                no-undef
  108:54   warning  'Chemistry' is not defined                             no-undef
  111:9    warning  'sq' is already defined                                no-redeclare
  111:18   warning  'Chemistry' is not defined                             no-undef
  111:42   warning  'conductivity_meter' is not defined                    no-undef
  111:66   warning  'Chemistry' is not defined                             no-undef
  114:9    warning  'sq' is already defined                                no-redeclare
  114:18   warning  'Chemistry' is not defined                             no-undef
  114:42   warning  'rotameter' is not defined                             no-undef
  114:57   warning  'Chemistry' is not defined                             no-undef
  117:9    warning  'sq' is already defined                                no-redeclare
  117:18   warning  'Chemistry' is not defined                             no-undef
  117:42   warning  'tracer_injector' is not defined                       no-undef
  117:63   warning  'Chemistry' is not defined                             no-undef
  120:9    warning  'sq' is already defined                                no-redeclare
  120:18   warning  'Chemistry' is not defined                             no-undef
  120:42   warning  'centrifugal_pump' is not defined                      no-undef
  120:64   warning  'Chemistry' is not defined                             no-undef
  123:9    warning  'sq' is already defined                                no-redeclare
  123:18   warning  'Chemistry' is not defined                             no-undef
  123:42   warning  'storage_tank' is not defined                          no-undef
  123:60   warning  'Chemistry' is not defined                             no-undef
  153:25   warning  'Chemistry' is not defined                             no-undef
  153:50   warning  'Chemistry' is not defined                             no-undef
  164:10   warning  'tubular_reactor' is not defined                       no-undef
  164:27   warning  'tubular_reactor' is not defined                       no-undef
  165:10   warning  'beaker' is not defined                                no-undef
  165:18   warning  'beaker' is not defined                                no-undef
  166:10   warning  'conductivity_meter' is not defined                    no-undef
  166:30   warning  'conductivity_meter' is not defined                    no-undef
  167:10   warning  'rotameter' is not defined                             no-undef
  167:21   warning  'rotameter' is not defined                             no-undef
  168:10   warning  'tracer_injector' is not defined                       no-undef
  168:27   warning  'tracer_injector' is not defined                       no-undef
  169:10   warning  'centrifugal_pump' is not defined                      no-undef
  169:28   warning  'centrifugal_pump' is not defined                      no-undef
  170:10   warning  'storage_tank' is not defined                          no-undef
  170:24   warning  'storage_tank' is not defined                          no-undef
  173:13   warning  'Chemistry' is not defined                             no-undef
  173:51   warning  'Chemistry' is not defined                             no-undef
  174:13   warning  'Chemistry' is not defined                             no-undef
  174:42   warning  'Chemistry' is not defined                             no-undef
  175:13   warning  'Chemistry' is not defined                             no-undef
  175:54   warning  'Chemistry' is not defined                             no-undef
  176:13   warning  'Chemistry' is not defined                             no-undef
  176:45   warning  'Chemistry' is not defined                             no-undef
  177:13   warning  'Chemistry' is not defined                             no-undef
  177:51   warning  'Chemistry' is not defined                             no-undef
  178:13   warning  'Chemistry' is not defined                             no-undef
  178:52   warning  'Chemistry' is not defined                             no-undef
  179:13   warning  'Chemistry' is not defined                             no-undef
  179:48   warning  'Chemistry' is not defined                             no-undef
  185:12   warning  Unexpected constant condition                          no-constant-condition
  207:49   warning  'Chemistry' is not defined                             no-undef
  210:39   warning  'bootstrap' is not defined                             no-undef
  242:30   warning  'Chemistry' is not defined                             no-undef
  242:73   warning  'Chemistry' is not defined                             no-undef
  270:13   warning  'bsOffcanvas' is already defined                       no-redeclare
  270:31   warning  'bootstrap' is not defined                             no-undef
  272:30   warning  'Chemistry' is not defined                             no-undef
  272:118  warning  'Chemistry' is not defined                             no-undef
  315:24   warning  'activity3' is not defined                             no-undef

/home/runner/work/exp-residence-time-distribution-in-packed-bed-reactor-iitb/exp-residence-time-distribution-in-packed-bed-reactor-iitb/experiment/simulation/js/activity3.js
    1:5   warning  'obtable_verified' is assigned a value but never used  no-unused-vars
   16:10  warning  'activity3' is defined but never used                  no-unused-vars
   17:5   warning  'pp' is not defined                                    no-undef
   19:5   warning  'pp' is not defined                                    no-undef
   20:5   warning  'pp' is not defined                                    no-undef
   21:5   warning  'pp' is not defined                                    no-undef
   38:15  warning  'obt_1_data' is not defined                            no-undef
   46:13  warning  'obt_1_data' is not defined                            no-undef
   63:5   warning  'pp' is not defined                                    no-undef
   64:5   warning  'pp' is not defined                                    no-undef
   67:25  warning  'obt_1_data' is not defined                            no-undef
   68:9   warning  'obt_1_data' is not defined                            no-undef
   68:28  warning  'std_deviation' is not defined                         no-undef
   68:42  warning  'obt_1_data' is not defined                            no-undef
   69:9   warning  'obt_2_data' is not defined                            no-undef
   69:28  warning  'std_deviation' is not defined                         no-undef
   69:42  warning  'obt_2_data' is not defined                            no-undef
   71:17  warning  'obt_1_data' is not defined                            no-undef
   73:10  warning  'act3_verify_obtable_1' is defined but never used      no-unused-vars
   76:10  warning  'verify_values' is not defined                         no-undef
   76:48  warning  'obt_1_data' is not defined                            no-undef
   77:43  warning  'obt_1_data' is not defined                            no-undef
   83:10  warning  'act3_verify_obtable_2' is defined but never used      no-unused-vars
   86:10  warning  'verify_values' is not defined                         no-undef
   86:48  warning  'obt_1_data' is not defined                            no-undef
   87:43  warning  'obt_1_data' is not defined                            no-undef
   92:5   warning  'pp' is not defined                                    no-undef
   94:9   warning  'pp' is not defined                                    no-undef
   95:31  warning  'bootstrap' is not defined                             no-undef
  102:10  warning  'complete_obtab_1' is defined but never used           no-unused-vars
  116:25  warning  'obt_1_data' is not defined                            no-undef
  120:13  warning  'obt_1_data' is not defined                            no-undef
  121:13  warning  'obt_1_data' is not defined                            no-undef
  123:13  warning  'obt_1_data' is not defined                            no-undef
  124:13  warning  'obt_1_data' is not defined                            no-undef
  128:5   warning  'pp' is not defined                                    no-undef
  129:5   warning  'pp' is not defined                                    no-undef
  131:10  warning  'complete_obtab_2' is defined but never used           no-unused-vars
  142:25  warning  'obt_2_data' is not defined                            no-undef
  146:13  warning  'obt_2_data' is not defined                            no-undef
  147:13  warning  'obt_2_data' is not defined                            no-undef
  149:13  warning  'obt_2_data' is not defined                            no-undef
  150:13  warning  'obt_2_data' is not defined                            no-undef
  154:5   warning  'pp' is not defined                                    no-undef
  155:5   warning  'pp' is not defined                                    no-undef

/home/runner/work/exp-residence-time-distribution-in-packed-bed-reactor-iitb/exp-residence-time-distribution-in-packed-bed-reactor-iitb/experiment/simulation/js/activity4.js
    7:5   warning  'vol_of_reactor' is assigned a value but never used  no-unused-vars
    9:5   warning  'void_fraction' is assigned a value but never used   no-unused-vars
   20:5   warning  'act4_btn_1' is assigned a value but never used      no-unused-vars
   23:5   warning  'move_to_act5' is assigned a value but never used    no-unused-vars
   24:10  warning  'activity4' is defined but never used                no-unused-vars
   25:42  warning  'flow_rate_1' is not defined                         no-undef
   26:5   warning  'obt_1_data' is not defined                          no-undef
   26:31  warning  'obt_1_data' is not defined                          no-undef
   28:42  warning  'flow_rate_2' is not defined                         no-undef
   29:5   warning  'obt_2_data' is not defined                          no-undef
   29:31  warning  'obt_2_data' is not defined                          no-undef
   30:17  warning  'obt_2_data' is not defined                          no-undef
   56:17  warning  'obt_1_data' is not defined                          no-undef
   57:17  warning  'obt_1_data' is not defined                          no-undef
   71:13  warning  'obt_1_data' is not defined                          no-undef
   72:13  warning  'obt_1_data' is not defined                          no-undef
   88:5   warning  'pp' is not defined                                  no-undef
   89:5   warning  'pp' is not defined                                  no-undef
  103:5   warning  'pp' is not defined                                  no-undef
  139:25  warning  'obt_1_data' is not defined                          no-undef
  140:29  warning  'obt_1_data' is not defined                          no-undef
  141:32  warning  'obt_1_data' is not defined                          no-undef
  142:35  warning  'obt_1_data' is not defined                          no-undef
  146:5   warning  'c' is not defined                                   no-undef
  147:14  warning  'newton_raphson' is not defined                      no-undef
  147:29  warning  'a' is not defined                                   no-undef
  147:32  warning  'b' is not defined                                   no-undef
  147:35  warning  'c' is not defined                                   no-undef
  155:25  warning  'obt_2_data' is not defined                          no-undef
  156:29  warning  'obt_2_data' is not defined                          no-undef
  157:32  warning  'obt_2_data' is not defined                          no-undef
  158:35  warning  'obt_2_data' is not defined                          no-undef
  162:5   warning  'c' is not defined                                   no-undef
  163:14  warning  'newton_raphson' is not defined                      no-undef
  163:29  warning  'a' is not defined                                   no-undef
  163:32  warning  'b' is not defined                                   no-undef
  163:35  warning  'c' is not defined                                   no-undef
  167:10  warning  'act5_verify_obtable_1' is defined but never used    no-unused-vars
  176:41  warning  'obt_1_data' is not defined                          no-undef
  177:41  warning  'obt_1_data' is not defined                          no-undef
  178:41  warning  'obt_1_data' is not defined                          no-undef
  179:41  warning  'obt_1_data' is not defined                          no-undef
  180:41  warning  'obt_1_data' is not defined                          no-undef
  181:41  warning  'obt_1_data' is not defined                          no-undef
  182:41  warning  'obt_1_data' is not defined                          no-undef
  184:10  warning  'verify_values' is not defined                       no-undef
  184:48  warning  'obt_1_data' is not defined                          no-undef
  188:10  warning  'verify_values' is not defined                       no-undef
  188:48  warning  'obt_1_data' is not defined                          no-undef
  192:10  warning  'verify_values' is not defined                       no-undef
  192:48  warning  'obt_1_data' is not defined                          no-undef
  196:10  warning  'verify_values' is not defined                       no-undef
  196:48  warning  'obt_1_data' is not defined                          no-undef
  200:10  warning  'verify_values' is not defined                       no-undef
  200:48  warning  'obt_1_data' is not defined                          no-undef
  204:10  warning  'verify_values' is not defined                       no-undef
  204:48  warning  'obt_1_data' is not defined                          no-undef
  208:10  warning  'verify_values' is not defined                       no-undef
  208:48  warning  'obt_1_data' is not defined                          no-undef
  221:10  warning  'act5_verify_obtable_11' is defined but never used   no-unused-vars
  230:41  warning  'obt_1_data' is not defined                          no-undef
  231:41  warning  'obt_1_data' is not defined                          no-undef
  232:41  warning  'obt_1_data' is not defined                          no-undef
  233:41  warning  'obt_1_data' is not defined                          no-undef
  234:41  warning  'obt_1_data' is not defined                          no-undef
  235:41  warning  'obt_1_data' is not defined                          no-undef
  236:41  warning  'obt_1_data' is not defined                          no-undef
  238:10  warning  'verify_values' is not defined                       no-undef
  238:48  warning  'obt_1_data' is not defined                          no-undef
  242:10  warning  'verify_values' is not defined                       no-undef
  242:48  warning  'obt_1_data' is not defined                          no-undef
  246:10  warning  'verify_values' is not defined                       no-undef
  246:48  warning  'obt_1_data' is not defined                          no-undef
  250:10  warning  'verify_values' is not defined                       no-undef
  250:48  warning  'obt_1_data' is not defined                          no-undef
  254:10  warning  'verify_values' is not defined                       no-undef
  254:48  warning  'obt_1_data' is not defined                          no-undef
  258:10  warning  'verify_values' is not defined                       no-undef
  258:48  warning  'obt_1_data' is not defined                          no-undef
  262:10  warning  'verify_values' is not defined                       no-undef
  262:48  warning  'obt_1_data' is not defined                          no-undef
  270:31  warning  'bootstrap' is not defined                           no-undef
  280:5   warning  'pp' is not defined                                  no-undef
  281:5   warning  'pp' is not defined                                  no-undef
  285:25  warning  'obt_1_data' is not defined                          no-undef
  289:15  warning  'obt_1_data' is not defined                          no-undef
  290:15  warning  'obt_1_data' is not defined                          no-undef
  291:15  warning  'obt_1_data' is not defined                          no-undef
  292:15  warning  'obt_1_data' is not defined                          no-undef
  293:15  warning  'obt_1_data' is not defined                          no-undef
  294:15  warning  'obt_1_data' is not defined                          no-undef
  295:16  warning  'obt_1_data' is not defined                          no-undef
  296:16  warning  'obt_1_data' is not defined                          no-undef
  297:16  warning  'obt_1_data' is not defined                          no-undef
  371:5   warning  'pp' is not defined                                  no-undef
  372:5   warning  'pp' is not defined                                  no-undef
  376:10  warning  'verify_summations' is defined but never used        no-unused-vars
  388:10  warning  'verify_values' is not defined                       no-undef
  392:10  warning  'verify_values' is not defined                       no-undef
  396:10  warning  'verify_values' is not defined                       no-undef
  406:5   warning  'complete_main_table_2' is not defined               no-undef

/home/runner/work/exp-residence-time-distribution-in-packed-bed-reactor-iitb/exp-residence-time-distribution-in-packed-bed-reactor-iitb/experiment/simulation/js/activity5.js
    2:10  warning  'complete_main_table_2' is defined but never used  no-unused-vars
    4:5   warning  'pp' is not defined                                no-undef
    5:5   warning  'pp' is not defined                                no-undef
    6:5   warning  'pp' is not defined                                no-undef
    7:5   warning  'pp' is not defined                                no-undef
    8:5   warning  'pp' is not defined                                no-undef
    8:24  warning  'main_table' is not defined                        no-undef
   16:15  warning  'obt_2_data' is not defined                        no-undef
   17:15  warning  'obt_2_data' is not defined                        no-undef
   18:15  warning  'obt_2_data' is not defined                        no-undef
   19:15  warning  'obt_2_data' is not defined                        no-undef
   20:15  warning  'obt_2_data' is not defined                        no-undef
   21:15  warning  'obt_2_data' is not defined                        no-undef
   22:16  warning  'obt_2_data' is not defined                        no-undef
   23:16  warning  'obt_2_data' is not defined                        no-undef
   24:16  warning  'obt_2_data' is not defined                        no-undef
   57:24  warning  'sum_c1_delta_t_2' is not defined                  no-undef
   64:24  warning  'sum_ci_ti_delta_t_2' is not defined               no-undef
   69:24  warning  'sum_ci_ti_ti_delta_t_2' is not defined            no-undef
   98:5   warning  'pp' is not defined                                no-undef
   99:5   warning  'pp' is not defined                                no-undef
  103:10  warning  'verify_summations_2' is defined but never used    no-unused-vars
  112:41  warning  't_bar_2' is not defined                           no-undef
  113:35  warning  'sigma_2' is not defined                           no-undef
  114:37  warning  'root_2' is not defined                            no-undef
  115:10  warning  'verify_values' is not defined                     no-undef
  115:48  warning  't_bar_2' is not defined                           no-undef
  119:10  warning  'verify_values' is not defined                     no-undef
  119:48  warning  'sigma_2' is not defined                           no-undef
  123:10  warning  'verify_values' is not defined                     no-undef
  123:48  warning  'root_2' is not defined                            no-undef
  129:5   warning  'activity6' is not defined                         no-undef

/home/runner/work/exp-residence-time-distribution-in-packed-bed-reactor-iitb/exp-residence-time-distribution-in-packed-bed-reactor-iitb/experiment/simulation/js/activity6(1).js
   4:10  warning  'activity6' is defined but never used  no-unused-vars
   5:5   warning  'pp' is not defined                    no-undef
  10:5   warning  'pp' is not defined                    no-undef
  11:5   warning  'pp' is not defined                    no-undef
  12:25  warning  'obt_1_data' is not defined            no-undef
  13:20  warning  'obt_1_data' is not defined            no-undef
  14:19  warning  'obt_1_data' is not defined            no-undef
  15:20  warning  'obt_2_data' is not defined            no-undef
  30:21  warning  'Chart' is not defined                 no-undef

/home/runner/work/exp-residence-time-distribution-in-packed-bed-reactor-iitb/exp-residence-time-distribution-in-packed-bed-reactor-iitb/experiment/simulation/js/activity6.js
   4:10  warning  'activity6' is defined but never used  no-unused-vars
   5:5   warning  'pp' is not defined                    no-undef
   6:5   warning  'pp' is not defined                    no-undef
   7:5   warning  'pp' is not defined                    no-undef
   8:5   warning  'pp' is not defined                    no-undef
  13:5   warning  'pp' is not defined                    no-undef
  14:5   warning  'pp' is not defined                    no-undef
  15:25  warning  'obt_1_data' is not defined            no-undef
  16:20  warning  'obt_1_data' is not defined            no-undef
  17:19  warning  'obt_1_data' is not defined            no-undef
  18:20  warning  'obt_2_data' is not defined            no-undef
  33:21  warning  'Chart' is not defined                 no-undef

/home/runner/work/exp-residence-time-distribution-in-packed-bed-reactor-iitb/exp-residence-time-distribution-in-packed-bed-reactor-iitb/experiment/simulation/js/actvity6.js
   4:10  warning  'activity6' is defined but never used  no-unused-vars
   5:5   warning  'pp' is not defined                    no-undef
  10:5   warning  'pp' is not defined                    no-undef
  11:5   warning  'pp' is not defined                    no-undef
  12:25  warning  'obt_1_data' is not defined            no-undef
  13:20  warning  'obt_1_data' is not defined            no-undef
  14:19  warning  'obt_1_data' is not defined            no-undef
  15:20  warning  'obt_2_data' is not defined            no-undef
  30:21  warning  'Chart' is not defined                 no-undef

/home/runner/work/exp-residence-time-distribution-in-packed-bed-reactor-iitb/exp-residence-time-distribution-in-packed-bed-reactor-iitb/experiment/simulation/js/common.js
   1:10  warning  'verify_values' is defined but never used      no-unused-vars
  17:10  warning  'std_deviation' is defined but never used      no-unused-vars
  23:10  warning  'regression_linear' is defined but never used  no-unused-vars
  40:10  warning  'newton_raphson' is defined but never used     no-unused-vars
  55:5   warning  'c' is assigned a value but never used         no-unused-vars
  56:5   warning  'a' is assigned a value but never used         no-unused-vars
  57:5   warning  'b' is assigned a value but never used         no-unused-vars

/home/runner/work/exp-residence-time-distribution-in-packed-bed-reactor-iitb/exp-residence-time-distribution-in-packed-bed-reactor-iitb/experiment/simulation/js/data.js
   1:5  warning  'flow_rate_1' is assigned a value but never used  no-unused-vars
   2:5  warning  'flow_rate_2' is assigned a value but never used  no-unused-vars
   3:5  warning  'obt_1_data' is assigned a value but never used   no-unused-vars
  27:5  warning  'obt_2_data' is assigned a value but never used   no-unused-vars

/home/runner/work/exp-residence-time-distribution-in-packed-bed-reactor-iitb/exp-residence-time-distribution-in-packed-bed-reactor-iitb/experiment/simulation/js/dummy.js
  2:14  warning  'Pannel' is not defined  no-undef

/home/runner/work/exp-residence-time-distribution-in-packed-bed-reactor-iitb/exp-residence-time-distribution-in-packed-bed-reactor-iitb/experiment/simulation/js/geomerty.js
   33:49   warning  'lscale' is not defined          no-undef
   34:49   warning  'lscale' is not defined          no-undef
   46:23   warning  'pt1' is defined but never used  no-unused-vars
   46:28   warning  'pt2' is defined but never used  no-unused-vars
   46:33   warning  'pt3' is defined but never used  no-unused-vars
   50:24   warning  'geo' is defined but never used  no-unused-vars
   69:44   warning  'lscale' is not defined          no-undef
   69:66   warning  'lscale' is not defined          no-undef
   69:88   warning  'lscale' is not defined          no-undef
   82:48   warning  'lscale' is not defined          no-undef
   83:48   warning  'lscale' is not defined          no-undef
  108:47   warning  'lscale' is not defined          no-undef
  108:69   warning  'lscale' is not defined          no-undef
  109:60   warning  'lscale' is not defined          no-undef
  109:95   warning  'lscale' is not defined          no-undef
  131:39   warning  'lscale' is not defined          no-undef
  131:57   warning  'lscale' is not defined          no-undef
  132:39   warning  'lscale' is not defined          no-undef
  132:57   warning  'lscale' is not defined          no-undef
  181:39   warning  'lscale' is not defined          no-undef
  181:57   warning  'lscale' is not defined          no-undef
  182:39   warning  'lscale' is not defined          no-undef
  182:57   warning  'lscale' is not defined          no-undef
  225:33   warning  'lscale' is not defined          no-undef
  226:33   warning  'lscale' is not defined          no-undef
  274:50   warning  'lscale' is not defined          no-undef
  274:72   warning  'lscale' is not defined          no-undef
  279:61   warning  'lscale' is not defined          no-undef
  279:84   warning  'lscale' is not defined          no-undef
  279:102  warning  'lscale' is not defined          no-undef
  279:120  warning  'lscale' is not defined          no-undef
  293:33   warning  'lscale' is not defined          no-undef
  294:33   warning  'lscale' is not defined          no-undef
  295:41   warning  'lscale' is not defined          no-undef
  295:64   warning  'lscale' is not defined          no-undef
  295:98   warning  'lscale' is not defined          no-undef
  295:121  warning  'lscale' is not defined          no-undef
  296:45   warning  'lscale' is not defined          no-undef
  296:68   warning  'lscale' is not defined          no-undef
  296:102  warning  'lscale' is not defined          no-undef
  296:125  warning  'lscale' is not defined          no-undef
  323:61   warning  'lscale' is not defined          no-undef
  323:90   warning  'lscale' is not defined          no-undef
  324:61   warning  'lscale' is not defined          no-undef
  324:96   warning  'lscale' is not defined          no-undef
  325:66   warning  'lscale' is not defined          no-undef
  325:101  warning  'lscale' is not defined          no-undef
  326:66   warning  'lscale' is not defined          no-undef
  326:100  warning  'lscale' is not defined          no-undef
  327:67   warning  'lscale' is not defined          no-undef
  327:101  warning  'lscale' is not defined          no-undef
  328:67   warning  'lscale' is not defined          no-undef
  328:96   warning  'lscale' is not defined          no-undef
  329:61   warning  'lscale' is not defined          no-undef
  329:90   warning  'lscale' is not defined          no-undef
  346:33   warning  'lscale' is not defined          no-undef
  347:33   warning  'lscale' is not defined          no-undef
  376:46   warning  'lscale' is not defined          no-undef
  382:50   warning  'lscale' is not defined          no-undef
  382:72   warning  'lscale' is not defined          no-undef
  411:52   warning  'lscale' is not defined          no-undef
  411:79   warning  'lscale' is not defined          no-undef
  413:56   warning  'lscale' is not defined          no-undef
  413:83   warning  'lscale' is not defined          no-undef
  450:50   warning  'lscale' is not defined          no-undef
  450:72   warning  'lscale' is not defined          no-undef
  456:61   warning  'lscale' is not defined          no-undef
  456:84   warning  'lscale' is not defined          no-undef
  456:102  warning  'lscale' is not defined          no-undef
  456:120  warning  'lscale' is not defined          no-undef
  470:33   warning  'lscale' is not defined          no-undef
  471:33   warning  'lscale' is not defined          no-undef
  472:41   warning  'lscale' is not defined          no-undef
  472:64   warning  'lscale' is not defined          no-undef
  472:98   warning  'lscale' is not defined          no-undef
  472:121  warning  'lscale' is not defined          no-undef
  473:45   warning  'lscale' is not defined          no-undef
  473:68   warning  'lscale' is not defined          no-undef
  473:102  warning  'lscale' is not defined          no-undef
  473:125  warning  'lscale' is not defined          no-undef
  502:50   warning  'lscale' is not defined          no-undef
  502:72   warning  'lscale' is not defined          no-undef
  507:139  warning  'lscale' is not defined          no-undef
  507:172  warning  'lscale' is not defined          no-undef
  507:205  warning  'lscale' is not defined          no-undef
  507:225  warning  'lscale' is not defined          no-undef
  528:50   warning  'lscale' is not defined          no-undef
  528:72   warning  'lscale' is not defined          no-undef
  533:139  warning  'lscale' is not defined          no-undef
  533:172  warning  'lscale' is not defined          no-undef
  533:205  warning  'lscale' is not defined          no-undef
  533:225  warning  'lscale' is not defined          no-undef
  555:50   warning  'lscale' is not defined          no-undef
  555:72   warning  'lscale' is not defined          no-undef
  560:133  warning  'lscale' is not defined          no-undef
  560:172  warning  'lscale' is not defined          no-undef
  560:205  warning  'lscale' is not defined          no-undef
  560:224  warning  'lscale' is not defined          no-undef
  584:39   warning  'lscale' is not defined          no-undef
  584:53   warning  'lscale' is not defined          no-undef
  585:39   warning  'lscale' is not defined          no-undef
  585:53   warning  'lscale' is not defined          no-undef
  586:39   warning  'lscale' is not defined          no-undef
  586:53   warning  'lscale' is not defined          no-undef
  587:39   warning  'lscale' is not defined          no-undef
  587:53   warning  'lscale' is not defined          no-undef
  594:36   warning  'lscale' is not defined          no-undef
  594:50   warning  'lscale' is not defined          no-undef
  594:63   warning  'lscale' is not defined          no-undef
  605:36   warning  'lscale' is not defined          no-undef
  605:50   warning  'lscale' is not defined          no-undef
  605:63   warning  'lscale' is not defined          no-undef
  632:46   warning  'lscale' is not defined          no-undef
  637:50   warning  'lscale' is not defined          no-undef
  637:72   warning  'lscale' is not defined          no-undef
  659:50   warning  'lscale' is not defined          no-undef
  659:72   warning  'lscale' is not defined          no-undef
  663:46   warning  'lscale' is not defined          no-undef
  664:46   warning  'lscale' is not defined          no-undef
  664:67   warning  'lscale' is not defined          no-undef
  665:49   warning  'lscale' is not defined          no-undef
  702:50   warning  'lscale' is not defined          no-undef
  702:72   warning  'lscale' is not defined          no-undef
  718:38   warning  'lscale' is not defined          no-undef
  718:51   warning  'lscale' is not defined          no-undef
  720:38   warning  'lscale' is not defined          no-undef
  722:38   warning  'lscale' is not defined          no-undef
  722:52   warning  'lscale' is not defined          no-undef

/home/runner/work/exp-residence-time-distribution-in-packed-bed-reactor-iitb/exp-residence-time-distribution-in-packed-bed-reactor-iitb/experiment/simulation/js/pannel.js
  8:7  warning  'Pannel' is defined but never used  no-unused-vars

/home/runner/work/exp-residence-time-distribution-in-packed-bed-reactor-iitb/exp-residence-time-distribution-in-packed-bed-reactor-iitb/experiment/simulation/js/scene.js
   1:7    warning  'Scene' is defined but never used         no-unused-vars
  11:9    warning  'context' is not defined                  no-undef
  11:33   warning  'canvas' is not defined                   no-undef
  11:47   warning  'canvas' is not defined                   no-undef
  27:5    warning  'context' is not defined                  no-undef
  28:9    warning  'grd' is assigned a value but never used  no-unused-vars
  28:15   warning  'context' is not defined                  no-undef
  28:44   warning  'canvas' is not defined                   no-undef
  28:62   warning  'canvas' is not defined                   no-undef
  28:84   warning  'canvas' is not defined                   no-undef
  28:102  warning  'canvas' is not defined                   no-undef
  28:121  warning  'canvas' is not defined                   no-undef
  36:5    warning  'context' is not defined                  no-undef
  37:5    warning  'context' is not defined                  no-undef
  37:28   warning  'canvas' is not defined                   no-undef
  37:42   warning  'canvas' is not defined                   no-undef
  38:5    warning  'context' is not defined                  no-undef
  39:5    warning  'context' is not defined                  no-undef

/home/runner/work/exp-residence-time-distribution-in-packed-bed-reactor-iitb/exp-residence-time-distribution-in-packed-bed-reactor-iitb/experiment/simulation/js/test.js
  2:14  warning  'Pannel' is not defined                     no-undef
  4:5   warning  'table' is assigned a value but never used  no-unused-vars

✖ 510 problems (0 errors, 510 warnings)

